----------------------------------------------------------------
Fri Apr 22 10:20:57 IST 2022:
Booting Derby version The Apache Software Foundation - Apache Derby - 10.14.2.0 - (1828579): instance a816c00e-0180-4f9b-df81-0000026a5428 
on database directory memory:C:\Users\003BD2744\Documents\Code\B1-IBM_Assignments\CRS-IBM-Student-Producer-API-Micoservice\2319cacb-c3a5-44c7-b6c7-b950489e7681 with class loader jdk.internal.loader.ClassLoaders$AppClassLoader@2f333739 
Loaded from file:/C:/Users/003BD2744/.m2/repository/org/apache/derby/derby/10.14.2.0/derby-10.14.2.0.jar
java.vendor=Eclipse Adoptium
java.runtime.version=17.0.2+8
user.dir=C:\Users\003BD2744\Documents\Code\B1-IBM_Assignments\CRS-IBM-Student-Producer-API-Micoservice
os.name=Windows 10
os.arch=amd64
os.version=10.0
derby.system.home=null
Database Class Loader started - derby.database.classpath=''
----------------------------------------------------------------
Fri Apr 22 10:20:58 IST 2022:
Shutting down instance a816c00e-0180-4f9b-df81-0000026a5428 on database directory memory:C:\Users\003BD2744\Documents\Code\B1-IBM_Assignments\CRS-IBM-Student-Producer-API-Micoservice\2319cacb-c3a5-44c7-b6c7-b950489e7681 with class loader jdk.internal.loader.ClassLoaders$AppClassLoader@2f333739 
----------------------------------------------------------------
Fri Apr 22 10:21:01 IST 2022:
Booting Derby version The Apache Software Foundation - Apache Derby - 10.14.2.0 - (1828579): instance 0ddd00a9-0180-4f9b-df81-0000026a5428 
on database directory memory:C:\Users\003BD2744\Documents\Code\B1-IBM_Assignments\CRS-IBM-Student-Producer-API-Micoservice\0f56da5b-96d9-4d05-86eb-b7bfcd689cdd with class loader jdk.internal.loader.ClassLoaders$AppClassLoader@2f333739 
Loaded from file:/C:/Users/003BD2744/.m2/repository/org/apache/derby/derby/10.14.2.0/derby-10.14.2.0.jar
java.vendor=Eclipse Adoptium
java.runtime.version=17.0.2+8
user.dir=C:\Users\003BD2744\Documents\Code\B1-IBM_Assignments\CRS-IBM-Student-Producer-API-Micoservice
os.name=Windows 10
os.arch=amd64
os.version=10.0
derby.system.home=null
Database Class Loader started - derby.database.classpath=''
----------------------------------------------------------------
Fri Apr 22 10:21:01 IST 2022:
Shutting down instance 0ddd00a9-0180-4f9b-df81-0000026a5428 on database directory memory:C:\Users\003BD2744\Documents\Code\B1-IBM_Assignments\CRS-IBM-Student-Producer-API-Micoservice\0f56da5b-96d9-4d05-86eb-b7bfcd689cdd with class loader jdk.internal.loader.ClassLoaders$AppClassLoader@2f333739 
